2021-10-30 19:54:50,511 INFO o.a.j.u.JMeterUtils: Setting Locale to en_EN
2021-10-30 19:54:50,538 INFO o.a.j.JMeter: Loading user properties from: /Library/Jmeter/apache-jmeter-5.3/bin/user.properties
2021-10-30 19:54:50,539 INFO o.a.j.JMeter: Loading system properties from: /Library/Jmeter/apache-jmeter-5.3/bin/system.properties
2021-10-30 19:54:50,541 INFO o.a.j.JMeter: Copyright (c) 1998-2020 The Apache Software Foundation
2021-10-30 19:54:50,541 INFO o.a.j.JMeter: Version 5.3
2021-10-30 19:54:50,542 INFO o.a.j.JMeter: java.version=1.8.0_191
2021-10-30 19:54:50,542 INFO o.a.j.JMeter: java.vm.name=Java HotSpot(TM) 64-Bit Server VM
2021-10-30 19:54:50,542 INFO o.a.j.JMeter: os.name=Mac OS X
2021-10-30 19:54:50,542 INFO o.a.j.JMeter: os.arch=x86_64
2021-10-30 19:54:50,542 INFO o.a.j.JMeter: os.version=10.15.6
2021-10-30 19:54:50,542 INFO o.a.j.JMeter: file.encoding=UTF-8
2021-10-30 19:54:50,542 INFO o.a.j.JMeter: java.awt.headless=null
2021-10-30 19:54:50,542 INFO o.a.j.JMeter: Max memory     =1073741824
2021-10-30 19:54:50,542 INFO o.a.j.JMeter: Available Processors =8
2021-10-30 19:54:50,551 INFO o.a.j.JMeter: Default Locale=English (EN)
2021-10-30 19:54:50,552 INFO o.a.j.JMeter: JMeter  Locale=English (EN)
2021-10-30 19:54:50,552 INFO o.a.j.JMeter: JMeterHome=/Library/Jmeter/apache-jmeter-5.3
2021-10-30 19:54:50,552 INFO o.a.j.JMeter: user.dir  =/Users/liuyunpeng/Documents/RISE/CODE/github_code/jmeter_code/jmeter_script/jmeter_code_script
2021-10-30 19:54:50,552 INFO o.a.j.JMeter: PWD       =/Users/liuyunpeng/Documents/RISE/CODE/github_code/jmeter_code/jmeter_script/jmeter_code_script
2021-10-30 19:54:50,561 INFO o.a.j.JMeter: IP: 127.0.0.1 Name: liuyunpengdeMacBook-Pro.local FullName: localhost
2021-10-30 19:54:51,113 INFO o.a.j.JMeter: Setting LAF to: com.github.weisj.darklaf.DarkLaf:com.github.weisj.darklaf.theme.DarculaTheme
2021-10-30 19:54:53,028 INFO o.a.j.JMeter: Loaded icon properties from org/apache/jmeter/images/icon.properties
2021-10-30 19:55:00,024 INFO o.a.j.s.FileServer: Default base='/Users/liuyunpeng/Documents/RISE/CODE/github_code/jmeter_code/jmeter_script/jmeter_code_script'
2021-10-30 19:55:00,029 INFO o.a.j.g.a.Load: Loading file: /Users/liuyunpeng/Documents/RISE/CODE/github_code/jmeter_code/jmeter_script/jmeter_code_script/COS_0.jmx
2021-10-30 19:55:00,029 INFO o.a.j.s.FileServer: Set new base='/Users/liuyunpeng/Documents/RISE/CODE/github_code/jmeter_code/jmeter_script/jmeter_code_script'
2021-10-30 19:55:00,201 INFO o.a.j.s.SaveService: Testplan (JMX) version: 2.2. Testlog (JTL) version: 2.2
2021-10-30 19:55:00,224 INFO o.a.j.s.SaveService: Using SaveService properties file encoding UTF-8
2021-10-30 19:55:00,225 INFO o.a.j.s.SaveService: Using SaveService properties version 5.0
2021-10-30 19:55:00,227 INFO o.a.j.s.SaveService: Loading file: /Users/liuyunpeng/Documents/RISE/CODE/github_code/jmeter_code/jmeter_script/jmeter_code_script/COS_0.jmx
2021-10-30 19:55:00,258 INFO o.a.j.p.h.s.HTTPSamplerBase: Parser for text/html is org.apache.jmeter.protocol.http.parser.LagartoBasedHtmlParser
2021-10-30 19:55:00,258 INFO o.a.j.p.h.s.HTTPSamplerBase: Parser for application/xhtml+xml is org.apache.jmeter.protocol.http.parser.LagartoBasedHtmlParser
2021-10-30 19:55:00,258 INFO o.a.j.p.h.s.HTTPSamplerBase: Parser for application/xml is org.apache.jmeter.protocol.http.parser.LagartoBasedHtmlParser
2021-10-30 19:55:00,258 INFO o.a.j.p.h.s.HTTPSamplerBase: Parser for text/xml is org.apache.jmeter.protocol.http.parser.LagartoBasedHtmlParser
2021-10-30 19:55:00,259 INFO o.a.j.p.h.s.HTTPSamplerBase: Parser for text/vnd.wap.wml is org.apache.jmeter.protocol.http.parser.RegexpHTMLParser
2021-10-30 19:55:00,259 INFO o.a.j.p.h.s.HTTPSamplerBase: Parser for text/css is org.apache.jmeter.protocol.http.parser.CssParser
2021-10-30 19:55:00,617 INFO o.a.j.p.h.c.CookieManager: Settings: Delete null: true Check: true Allow variable: true Save: false Prefix: COOKIE_
2021-10-30 19:55:01,262 INFO o.a.j.s.SampleResult: Note: Sample TimeStamps are START times
2021-10-30 19:55:01,262 INFO o.a.j.s.SampleResult: sampleresult.default.encoding is set to utf-8
2021-10-30 19:55:01,262 INFO o.a.j.s.SampleResult: sampleresult.useNanoTime=true
2021-10-30 19:55:01,262 INFO o.a.j.s.SampleResult: sampleresult.nanoThreadSleep=5000
2021-10-30 19:55:05,483 INFO o.a.j.s.FileServer: Set new base='/Users/liuyunpeng/Documents/RISE/CODE/github_code/jmeter_code/jmeter_script/jmeter_code_script'
2021-10-30 19:56:30,616 ERROR o.a.j.g.a.Save: Could not backup file! Backup directory does not exist, is not a directory or could not be created ! </Library/Jmeter/apache-jmeter-5.3/backups>
2021-10-30 19:56:30,916 INFO o.a.j.e.StandardJMeterEngine: Running the test!
2021-10-30 19:56:30,917 INFO o.a.j.s.SampleEvent: List of sample_variables: []
2021-10-30 19:56:30,917 INFO o.a.j.s.SampleEvent: List of sample_variables: []
2021-10-30 19:56:30,919 INFO o.a.j.e.u.CompoundVariable: Note: Function class names must contain the string: '.functions.'
2021-10-30 19:56:30,919 INFO o.a.j.e.u.CompoundVariable: Note: Function class names must not contain the string: '.gui.'
2021-10-30 19:56:31,041 INFO o.a.j.t.TestPlan: added /Users/liuyunpeng/Documents/RISE/CODE/github_code/java_code/untitled1/out/artifacts/formatDoubleNum/formatDoubleNum.jar to classpath
2021-10-30 19:56:31,041 INFO o.a.j.t.TestPlan: added /Users/liuyunpeng/Documents/RISE/CODE/github_code/jmeter_code/jmeter_jar/JmeterJar/out/artifacts/Jmeter_Code_jar/Jmeter_Code.jar to classpath
2021-10-30 19:56:31,046 INFO o.a.j.g.u.JMeterMenuBar: setRunning(true, *local*)
2021-10-30 19:56:31,183 INFO o.a.j.e.StandardJMeterEngine: Starting ThreadGroup: 1 : 审批流【mysql】【多产品】
2021-10-30 19:56:31,183 INFO o.a.j.e.StandardJMeterEngine: Starting 1 threads for group 审批流【mysql】【多产品】.
2021-10-30 19:56:31,183 INFO o.a.j.e.StandardJMeterEngine: Test will stop on error
2021-10-30 19:56:31,183 INFO o.a.j.t.ThreadGroup: Starting thread group... number=1 threads=1 ramp-up=1 delayedStart=false
2021-10-30 19:56:31,192 INFO o.a.j.t.ThreadGroup: Started thread group number 1
2021-10-30 19:56:31,192 INFO o.a.j.e.StandardJMeterEngine: All thread groups have been started
2021-10-30 19:56:31,197 INFO o.a.j.t.JMeterThread: Thread started: 审批流【mysql】【多产品】 1-1
2021-10-30 19:56:31,210 INFO o.a.j.p.h.s.HTTPHCAbstractImpl: Local host = liuyunpengdeMacBook-Pro.local
2021-10-30 19:56:31,222 INFO o.a.j.p.h.s.HTTPHC4Impl: HTTP request retry count = 0
2021-10-30 19:56:31,842 ERROR o.a.j.u.BeanShellInterpreter: Error invoking bsh method: eval	In file: inline evaluation of: ``王雪,郝林静,马孟杰,张丽,李楠,李筱;'' Encountered "," at line 1, column 3.

2021-10-30 19:56:31,842 WARN o.a.j.e.BeanShellPostProcessor: Problem in BeanShell script: org.apache.jorphan.util.JMeterException: Error invoking bsh method: eval	In file: inline evaluation of: ``王雪,郝林静,马孟杰,张丽,李楠,李筱;'' Encountered "," at line 1, column 3.

2021-10-30 19:56:38,241 INFO o.a.j.t.JMeterThread: Shutdown Test detected by thread: 审批流【mysql】【多产品】 1-1
2021-10-30 19:56:38,242 INFO o.a.j.t.JMeterThread: Thread finished: 审批流【mysql】【多产品】 1-1
2021-10-30 19:56:38,242 INFO o.a.j.t.JMeterThread: Stopping: 审批流【mysql】【多产品】 1-1
2021-10-30 19:56:38,243 INFO o.a.j.e.StandardJMeterEngine: Notifying test listeners of end of test
2021-10-30 19:56:38,245 INFO o.a.j.g.u.JMeterMenuBar: setRunning(false, *local*)
