2021-08-31 19:42:35,475 INFO o.a.j.u.JMeterUtils: Setting Locale to en_EN
2021-08-31 19:42:35,491 INFO o.a.j.JMeter: Loading user properties from: /Library/Jmeter/apache-jmeter-5.3/bin/user.properties
2021-08-31 19:42:35,491 INFO o.a.j.JMeter: Loading system properties from: /Library/Jmeter/apache-jmeter-5.3/bin/system.properties
2021-08-31 19:42:35,493 INFO o.a.j.JMeter: Copyright (c) 1998-2020 The Apache Software Foundation
2021-08-31 19:42:35,493 INFO o.a.j.JMeter: Version 5.3
2021-08-31 19:42:35,493 INFO o.a.j.JMeter: java.version=1.8.0_191
2021-08-31 19:42:35,493 INFO o.a.j.JMeter: java.vm.name=Java HotSpot(TM) 64-Bit Server VM
2021-08-31 19:42:35,493 INFO o.a.j.JMeter: os.name=Mac OS X
2021-08-31 19:42:35,493 INFO o.a.j.JMeter: os.arch=x86_64
2021-08-31 19:42:35,493 INFO o.a.j.JMeter: os.version=10.15.6
2021-08-31 19:42:35,493 INFO o.a.j.JMeter: file.encoding=UTF-8
2021-08-31 19:42:35,493 INFO o.a.j.JMeter: java.awt.headless=true
2021-08-31 19:42:35,493 INFO o.a.j.JMeter: Max memory     =1073741824
2021-08-31 19:42:35,493 INFO o.a.j.JMeter: Available Processors =8
2021-08-31 19:42:35,497 INFO o.a.j.JMeter: Default Locale=English (EN)
2021-08-31 19:42:35,498 INFO o.a.j.JMeter: JMeter  Locale=English (EN)
2021-08-31 19:42:35,498 INFO o.a.j.JMeter: JMeterHome=/Library/Jmeter/apache-jmeter-5.3
2021-08-31 19:42:35,498 INFO o.a.j.JMeter: user.dir  =/Users/liuyunpeng/Documents/RISE/CODE/github_code/jmeter_code/jmeter_script/jmeter_code_script
2021-08-31 19:42:35,498 INFO o.a.j.JMeter: PWD       =/Users/liuyunpeng/Documents/RISE/CODE/github_code/jmeter_code/jmeter_script/jmeter_code_script
2021-08-31 19:42:35,499 INFO o.a.j.JMeter: IP: 172.18.21.144 Name: liuyunpengdeMacBook-Pro.local FullName: 172.18.21.144
2021-08-31 19:42:35,503 INFO o.a.j.s.FileServer: Default base='/Users/liuyunpeng/Documents/RISE/CODE/github_code/jmeter_code/jmeter_script/jmeter_code_script'
2021-08-31 19:42:35,507 INFO o.a.j.s.FileServer: Set new base='/Users/liuyunpeng/Documents/RISE/CODE/github_code/jmeter_code/jmeter_script/jmeter_code_script'
2021-08-31 19:42:35,630 INFO o.a.j.s.SaveService: Testplan (JMX) version: 2.2. Testlog (JTL) version: 2.2
2021-08-31 19:42:35,643 INFO o.a.j.s.SaveService: Using SaveService properties file encoding UTF-8
2021-08-31 19:42:35,648 INFO o.a.j.s.SaveService: Using SaveService properties version 5.0
2021-08-31 19:42:35,652 INFO o.a.j.s.SaveService: Loading file: Test Plan.jmx
2021-08-31 19:42:35,691 INFO o.a.j.p.h.s.HTTPSamplerBase: Parser for text/html is org.apache.jmeter.protocol.http.parser.LagartoBasedHtmlParser
2021-08-31 19:42:35,691 INFO o.a.j.p.h.s.HTTPSamplerBase: Parser for application/xhtml+xml is org.apache.jmeter.protocol.http.parser.LagartoBasedHtmlParser
2021-08-31 19:42:35,691 INFO o.a.j.p.h.s.HTTPSamplerBase: Parser for application/xml is org.apache.jmeter.protocol.http.parser.LagartoBasedHtmlParser
2021-08-31 19:42:35,691 INFO o.a.j.p.h.s.HTTPSamplerBase: Parser for text/xml is org.apache.jmeter.protocol.http.parser.LagartoBasedHtmlParser
2021-08-31 19:42:35,691 INFO o.a.j.p.h.s.HTTPSamplerBase: Parser for text/vnd.wap.wml is org.apache.jmeter.protocol.http.parser.RegexpHTMLParser
2021-08-31 19:42:35,691 INFO o.a.j.p.h.s.HTTPSamplerBase: Parser for text/css is org.apache.jmeter.protocol.http.parser.CssParser
2021-08-31 19:42:35,699 INFO o.a.j.p.h.c.CookieManager: Settings: Delete null: true Check: true Allow variable: true Save: false Prefix: COOKIE_
2021-08-31 19:42:35,787 INFO o.a.j.JMeter: Creating summariser <summary>
2021-08-31 19:42:35,793 INFO o.a.j.e.StandardJMeterEngine: Running the test!
2021-08-31 19:42:35,794 INFO o.a.j.s.SampleEvent: List of sample_variables: []
2021-08-31 19:42:35,794 INFO o.a.j.s.SampleEvent: List of sample_variables: []
2021-08-31 19:42:35,799 INFO o.a.j.e.u.CompoundVariable: Note: Function class names must contain the string: '.functions.'
2021-08-31 19:42:35,799 INFO o.a.j.e.u.CompoundVariable: Note: Function class names must not contain the string: '.gui.'
2021-08-31 19:42:36,070 INFO o.a.j.JMeter: Running test (1630410156070)
2021-08-31 19:42:36,107 INFO o.a.j.e.StandardJMeterEngine: Starting ThreadGroup: 1 : ClassType【新建班型】【v7000】【new】
2021-08-31 19:42:36,107 INFO o.a.j.e.StandardJMeterEngine: Starting 1 threads for group ClassType【新建班型】【v7000】【new】.
2021-08-31 19:42:36,108 INFO o.a.j.e.StandardJMeterEngine: Thread will continue on error
2021-08-31 19:42:36,108 INFO o.a.j.t.ThreadGroup: Starting thread group... number=1 threads=1 ramp-up=1 delayedStart=false
2021-08-31 19:42:36,115 INFO o.a.j.t.ThreadGroup: Started thread group number 1
2021-08-31 19:42:36,115 INFO o.a.j.e.StandardJMeterEngine: All thread groups have been started
2021-08-31 19:42:36,119 INFO o.a.j.t.JMeterThread: Thread started: ClassType【新建班型】【v7000】【new】 1-1
2021-08-31 19:42:36,136 INFO o.a.j.p.h.s.HTTPHCAbstractImpl: Local host = liuyunpengdeMacBook-Pro.local
2021-08-31 19:42:36,140 INFO o.a.j.p.h.s.HTTPHC4Impl: HTTP request retry count = 0
2021-08-31 19:42:36,142 INFO o.a.j.s.SampleResult: Note: Sample TimeStamps are START times
2021-08-31 19:42:36,142 INFO o.a.j.s.SampleResult: sampleresult.default.encoding is set to utf-8
2021-08-31 19:42:36,142 INFO o.a.j.s.SampleResult: sampleresult.useNanoTime=true
2021-08-31 19:42:36,142 INFO o.a.j.s.SampleResult: sampleresult.nanoThreadSleep=5000
2021-08-31 19:42:43,414 INFO o.a.j.t.JMeterThread: Thread is done: ClassType【新建班型】【v7000】【new】 1-1
2021-08-31 19:42:43,415 INFO o.a.j.t.JMeterThread: Thread finished: ClassType【新建班型】【v7000】【new】 1-1
2021-08-31 19:42:43,417 INFO o.a.j.e.StandardJMeterEngine: Notifying test listeners of end of test
2021-08-31 19:42:43,418 INFO o.a.j.r.Summariser: summary =     28 in 00:00:07 =    3.8/s Avg:   255 Min:     2 Max:  1445 Err:     0 (0.00%)
