2021-08-31 21:04:37,824 INFO o.a.j.u.JMeterUtils: Setting Locale to en_EN
2021-08-31 21:04:37,844 INFO o.a.j.JMeter: Loading user properties from: /Library/Jmeter/apache-jmeter-5.3/bin/user.properties
2021-08-31 21:04:37,844 INFO o.a.j.JMeter: Loading system properties from: /Library/Jmeter/apache-jmeter-5.3/bin/system.properties
2021-08-31 21:04:37,846 INFO o.a.j.JMeter: Copyright (c) 1998-2020 The Apache Software Foundation
2021-08-31 21:04:37,846 INFO o.a.j.JMeter: Version 5.3
2021-08-31 21:04:37,846 INFO o.a.j.JMeter: java.version=1.8.0_191
2021-08-31 21:04:37,846 INFO o.a.j.JMeter: java.vm.name=Java HotSpot(TM) 64-Bit Server VM
2021-08-31 21:04:37,846 INFO o.a.j.JMeter: os.name=Mac OS X
2021-08-31 21:04:37,846 INFO o.a.j.JMeter: os.arch=x86_64
2021-08-31 21:04:37,846 INFO o.a.j.JMeter: os.version=10.15.6
2021-08-31 21:04:37,847 INFO o.a.j.JMeter: file.encoding=UTF-8
2021-08-31 21:04:37,847 INFO o.a.j.JMeter: java.awt.headless=true
2021-08-31 21:04:37,847 INFO o.a.j.JMeter: Max memory     =1073741824
2021-08-31 21:04:37,847 INFO o.a.j.JMeter: Available Processors =8
2021-08-31 21:04:37,851 INFO o.a.j.JMeter: Default Locale=English (EN)
2021-08-31 21:04:37,852 INFO o.a.j.JMeter: JMeter  Locale=English (EN)
2021-08-31 21:04:37,852 INFO o.a.j.JMeter: JMeterHome=/Library/Jmeter/apache-jmeter-5.3
2021-08-31 21:04:37,852 INFO o.a.j.JMeter: user.dir  =/Users/liuyunpeng/Documents/RISE/CODE/github_code/jmeter_code/jmeter_script/jmeter_code_script
2021-08-31 21:04:37,852 INFO o.a.j.JMeter: PWD       =/Users/liuyunpeng/Documents/RISE/CODE/github_code/jmeter_code/jmeter_script/jmeter_code_script
2021-08-31 21:04:37,853 INFO o.a.j.JMeter: IP: 172.18.21.144 Name: liuyunpengdeMacBook-Pro.local FullName: 172.18.21.144
2021-08-31 21:04:37,858 INFO o.a.j.s.FileServer: Default base='/Users/liuyunpeng/Documents/RISE/CODE/github_code/jmeter_code/jmeter_script/jmeter_code_script'
2021-08-31 21:04:37,863 INFO o.a.j.s.FileServer: Set new base='/Users/liuyunpeng/Documents/RISE/CODE/github_code/jmeter_code/jmeter_script/jmeter_code_script'
2021-08-31 21:04:37,995 INFO o.a.j.s.SaveService: Testplan (JMX) version: 2.2. Testlog (JTL) version: 2.2
2021-08-31 21:04:38,011 INFO o.a.j.s.SaveService: Using SaveService properties file encoding UTF-8
2021-08-31 21:04:38,016 INFO o.a.j.s.SaveService: Using SaveService properties version 5.0
2021-08-31 21:04:38,022 INFO o.a.j.s.SaveService: Loading file: 【paikezuhe】.jmx
2021-08-31 21:04:38,079 INFO o.a.j.p.h.s.HTTPSamplerBase: Parser for text/html is org.apache.jmeter.protocol.http.parser.LagartoBasedHtmlParser
2021-08-31 21:04:38,079 INFO o.a.j.p.h.s.HTTPSamplerBase: Parser for application/xhtml+xml is org.apache.jmeter.protocol.http.parser.LagartoBasedHtmlParser
2021-08-31 21:04:38,079 INFO o.a.j.p.h.s.HTTPSamplerBase: Parser for application/xml is org.apache.jmeter.protocol.http.parser.LagartoBasedHtmlParser
2021-08-31 21:04:38,079 INFO o.a.j.p.h.s.HTTPSamplerBase: Parser for text/xml is org.apache.jmeter.protocol.http.parser.LagartoBasedHtmlParser
2021-08-31 21:04:38,079 INFO o.a.j.p.h.s.HTTPSamplerBase: Parser for text/vnd.wap.wml is org.apache.jmeter.protocol.http.parser.RegexpHTMLParser
2021-08-31 21:04:38,079 INFO o.a.j.p.h.s.HTTPSamplerBase: Parser for text/css is org.apache.jmeter.protocol.http.parser.CssParser
2021-08-31 21:04:38,507 INFO o.a.j.p.h.c.CookieManager: Settings: Delete null: true Check: true Allow variable: true Save: false Prefix: COOKIE_
2021-08-31 21:04:38,673 INFO o.a.j.JMeter: Creating summariser <summary>
2021-08-31 21:04:38,679 INFO o.a.j.e.StandardJMeterEngine: Running the test!
2021-08-31 21:04:38,679 INFO o.a.j.s.SampleEvent: List of sample_variables: []
2021-08-31 21:04:38,679 INFO o.a.j.s.SampleEvent: List of sample_variables: []
2021-08-31 21:04:38,685 INFO o.a.j.e.u.CompoundVariable: Note: Function class names must contain the string: '.functions.'
2021-08-31 21:04:38,685 INFO o.a.j.e.u.CompoundVariable: Note: Function class names must not contain the string: '.gui.'
2021-08-31 21:04:38,935 ERROR o.a.j.p.j.c.DataSourceElement: JDBC data source already defined for: mysql_cos_test
2021-08-31 21:04:38,936 ERROR o.a.j.p.j.c.DataSourceElement: JDBC data source already defined for: mysql_cos_uat
2021-08-31 21:04:38,936 ERROR o.a.j.p.j.c.DataSourceElement: JDBC data source already defined for: mysql_cos_release
2021-08-31 21:04:38,941 ERROR o.a.j.p.j.c.DataSourceElement: JDBC data source already defined for: mysql_cos_dev
2021-08-31 21:04:38,946 INFO o.a.j.JMeter: Running test (1630415078945)
2021-08-31 21:04:39,011 INFO o.a.j.e.StandardJMeterEngine: Starting ThreadGroup: 1 : [建班][排班][放班]
2021-08-31 21:04:39,011 INFO o.a.j.e.StandardJMeterEngine: Starting 1 threads for group [建班][排班][放班].
2021-08-31 21:04:39,011 INFO o.a.j.e.StandardJMeterEngine: Test will stop on error
2021-08-31 21:04:39,011 INFO o.a.j.t.ThreadGroup: Starting thread group... number=1 threads=1 ramp-up=1 delayedStart=false
2021-08-31 21:04:39,022 INFO o.a.j.t.ThreadGroup: Started thread group number 1
2021-08-31 21:04:39,022 INFO o.a.j.e.StandardJMeterEngine: Waiting for thread group: [建班][排班][放班] to finish before starting next group
2021-08-31 21:04:39,025 INFO o.a.j.t.JMeterThread: Thread started: [建班][排班][放班] 1-1
2021-08-31 21:04:39,050 INFO o.a.j.p.h.s.HTTPHCAbstractImpl: Local host = liuyunpengdeMacBook-Pro.local
2021-08-31 21:04:39,059 INFO o.a.j.p.h.s.HTTPHC4Impl: HTTP request retry count = 0
2021-08-31 21:04:39,061 INFO o.a.j.s.SampleResult: Note: Sample TimeStamps are START times
2021-08-31 21:04:39,062 INFO o.a.j.s.SampleResult: sampleresult.default.encoding is set to utf-8
2021-08-31 21:04:39,062 INFO o.a.j.s.SampleResult: sampleresult.useNanoTime=true
2021-08-31 21:04:39,062 INFO o.a.j.s.SampleResult: sampleresult.nanoThreadSleep=5000
2021-08-31 21:04:43,414 INFO o.a.j.t.JMeterThread: Thread is done: [建班][排班][放班] 1-1
2021-08-31 21:04:43,414 INFO o.a.j.t.JMeterThread: Thread finished: [建班][排班][放班] 1-1
2021-08-31 21:04:43,415 INFO o.a.j.e.StandardJMeterEngine: Starting ThreadGroup: 2 : 审批流【mysql】[放班]
2021-08-31 21:04:43,415 INFO o.a.j.e.StandardJMeterEngine: Starting 1 threads for group 审批流【mysql】[放班].
2021-08-31 21:04:43,415 INFO o.a.j.e.StandardJMeterEngine: Test will stop on error
2021-08-31 21:04:43,415 INFO o.a.j.t.ThreadGroup: Starting thread group... number=2 threads=1 ramp-up=1 delayedStart=false
2021-08-31 21:04:43,424 INFO o.a.j.t.ThreadGroup: Started thread group number 2
2021-08-31 21:04:43,425 INFO o.a.j.e.StandardJMeterEngine: Waiting for thread group: 审批流【mysql】[放班] to finish before starting next group
2021-08-31 21:04:43,427 INFO o.a.j.t.JMeterThread: Thread started: 审批流【mysql】[放班] 2-1
2021-08-31 21:04:43,794 ERROR o.a.j.u.BeanShellInterpreter: Error invoking bsh method: eval	In file: inline evaluation of: ``宋燕丽,王丹丹,小野;'' Encountered "," at line 1, column 4.

2021-08-31 21:04:43,794 WARN o.a.j.e.BeanShellPostProcessor: Problem in BeanShell script: org.apache.jorphan.util.JMeterException: Error invoking bsh method: eval	In file: inline evaluation of: ``宋燕丽,王丹丹,小野;'' Encountered "," at line 1, column 4.

2021-08-31 21:04:45,998 INFO o.a.j.t.JMeterThread: Thread is done: 审批流【mysql】[放班] 2-1
2021-08-31 21:04:45,999 INFO o.a.j.t.JMeterThread: Thread finished: 审批流【mysql】[放班] 2-1
2021-08-31 21:04:45,999 INFO o.a.j.e.StandardJMeterEngine: Starting ThreadGroup: 3 : addTeacher--新建英语老师【总部员工】
2021-08-31 21:04:45,999 INFO o.a.j.e.StandardJMeterEngine: Starting 1 threads for group addTeacher--新建英语老师【总部员工】.
2021-08-31 21:04:45,999 INFO o.a.j.e.StandardJMeterEngine: Test will stop on error
2021-08-31 21:04:45,999 INFO o.a.j.t.ThreadGroup: Starting thread group... number=3 threads=1 ramp-up=1 delayedStart=false
2021-08-31 21:04:46,004 INFO o.a.j.t.ThreadGroup: Started thread group number 3
2021-08-31 21:04:46,004 INFO o.a.j.e.StandardJMeterEngine: Waiting for thread group: addTeacher--新建英语老师【总部员工】 to finish before starting next group
2021-08-31 21:04:46,006 INFO o.a.j.t.JMeterThread: Thread started: addTeacher--新建英语老师【总部员工】 3-1
2021-08-31 21:04:46,653 INFO o.a.j.t.JMeterThread: Thread is done: addTeacher--新建英语老师【总部员工】 3-1
2021-08-31 21:04:46,654 INFO o.a.j.t.JMeterThread: Thread finished: addTeacher--新建英语老师【总部员工】 3-1
2021-08-31 21:04:46,654 INFO o.a.j.e.StandardJMeterEngine: Starting ThreadGroup: 4 : contranct--单产品订单生成学员
2021-08-31 21:04:46,654 INFO o.a.j.e.StandardJMeterEngine: Starting 1 threads for group contranct--单产品订单生成学员.
2021-08-31 21:04:46,654 INFO o.a.j.e.StandardJMeterEngine: Test will stop on error
2021-08-31 21:04:46,654 INFO o.a.j.t.ThreadGroup: Starting thread group... number=4 threads=1 ramp-up=1 delayedStart=false
2021-08-31 21:04:46,667 INFO o.a.j.t.ThreadGroup: Started thread group number 4
2021-08-31 21:04:46,667 INFO o.a.j.e.StandardJMeterEngine: Waiting for thread group: contranct--单产品订单生成学员 to finish before starting next group
2021-08-31 21:04:46,667 INFO o.a.j.t.JMeterThread: Thread started: contranct--单产品订单生成学员 4-1
2021-08-31 21:04:49,792 INFO o.a.j.u.BeanShellTestElement: nameASflag_1
2021-08-31 21:04:49,792 INFO o.a.j.u.BeanShellTestElement: 教辅用书,
2021-08-31 21:04:49,793 INFO o.a.j.u.BeanShellTestElement: nameASflag_2
2021-08-31 21:04:52,226 INFO o.a.j.t.JMeterThread: Thread is done: contranct--单产品订单生成学员 4-1
2021-08-31 21:04:52,227 INFO o.a.j.t.JMeterThread: Thread finished: contranct--单产品订单生成学员 4-1
2021-08-31 21:04:52,227 INFO o.a.j.e.StandardJMeterEngine: Starting ThreadGroup: 5 : [移入学员]【排课]
2021-08-31 21:04:52,227 INFO o.a.j.e.StandardJMeterEngine: Starting 1 threads for group [移入学员]【排课].
2021-08-31 21:04:52,227 INFO o.a.j.e.StandardJMeterEngine: Test will stop on error
2021-08-31 21:04:52,227 INFO o.a.j.t.ThreadGroup: Starting thread group... number=5 threads=1 ramp-up=1 delayedStart=false
2021-08-31 21:04:52,236 INFO o.a.j.t.ThreadGroup: Started thread group number 5
2021-08-31 21:04:52,236 INFO o.a.j.e.StandardJMeterEngine: Waiting for thread group: [移入学员]【排课] to finish before starting next group
2021-08-31 21:04:52,236 INFO o.a.j.t.JMeterThread: Thread started: [移入学员]【排课] 5-1
2021-08-31 21:05:00,924 INFO o.a.j.r.Summariser: summary +     58 in 00:00:22 =    2.6/s Avg:   358 Min:     0 Max:  4636 Err:     0 (0.00%) Active: 1 Started: 5 Finished: 4
2021-08-31 21:05:00,930 INFO o.a.j.t.JMeterThread: Thread is done: [移入学员]【排课] 5-1
2021-08-31 21:05:00,930 INFO o.a.j.t.JMeterThread: Thread finished: [移入学员]【排课] 5-1
2021-08-31 21:05:00,930 INFO o.a.j.e.StandardJMeterEngine: Starting ThreadGroup: 6 : 【开班】
2021-08-31 21:05:00,930 INFO o.a.j.e.StandardJMeterEngine: Starting 1 threads for group 【开班】.
2021-08-31 21:05:00,930 INFO o.a.j.e.StandardJMeterEngine: Test will stop on error
2021-08-31 21:05:00,930 INFO o.a.j.t.ThreadGroup: Starting thread group... number=6 threads=1 ramp-up=1 delayedStart=false
2021-08-31 21:05:00,935 INFO o.a.j.t.ThreadGroup: Started thread group number 6
2021-08-31 21:05:00,941 INFO o.a.j.e.StandardJMeterEngine: Waiting for thread group: 【开班】 to finish before starting next group
2021-08-31 21:05:00,941 INFO o.a.j.t.JMeterThread: Thread started: 【开班】 6-1
2021-08-31 21:05:03,547 INFO o.a.j.t.JMeterThread: Thread is done: 【开班】 6-1
2021-08-31 21:05:03,547 INFO o.a.j.t.JMeterThread: Thread finished: 【开班】 6-1
2021-08-31 21:05:03,548 INFO o.a.j.e.StandardJMeterEngine: Starting ThreadGroup: 7 : 审批流【mysql】[开班]
2021-08-31 21:05:03,548 INFO o.a.j.e.StandardJMeterEngine: Starting 1 threads for group 审批流【mysql】[开班].
2021-08-31 21:05:03,548 INFO o.a.j.e.StandardJMeterEngine: Test will stop on error
2021-08-31 21:05:03,548 INFO o.a.j.t.ThreadGroup: Starting thread group... number=7 threads=1 ramp-up=1 delayedStart=false
2021-08-31 21:05:03,557 INFO o.a.j.t.ThreadGroup: Started thread group number 7
2021-08-31 21:05:03,558 INFO o.a.j.e.StandardJMeterEngine: All thread groups have been started
2021-08-31 21:05:03,558 INFO o.a.j.t.JMeterThread: Thread started: 审批流【mysql】[开班] 7-1
2021-08-31 21:05:03,887 ERROR o.a.j.u.BeanShellInterpreter: Error invoking bsh method: eval	In file: inline evaluation of: ``宋燕丽,小野;'' Encountered "," at line 1, column 4.

2021-08-31 21:05:03,888 WARN o.a.j.e.BeanShellPostProcessor: Problem in BeanShell script: org.apache.jorphan.util.JMeterException: Error invoking bsh method: eval	In file: inline evaluation of: ``宋燕丽,小野;'' Encountered "," at line 1, column 4.

2021-08-31 21:05:13,937 INFO o.a.j.t.JMeterThread: Thread is done: 审批流【mysql】[开班] 7-1
2021-08-31 21:05:13,937 INFO o.a.j.t.JMeterThread: Thread finished: 审批流【mysql】[开班] 7-1
2021-08-31 21:05:13,937 INFO o.a.j.e.StandardJMeterEngine: Notifying test listeners of end of test
2021-08-31 21:05:13,939 INFO o.a.j.r.Summariser: summary +     33 in 00:00:13 =    2.5/s Avg:   387 Min:     0 Max:  7537 Err:     0 (0.00%) Active: 0 Started: 7 Finished: 7
2021-08-31 21:05:13,939 INFO o.a.j.r.Summariser: summary =     91 in 00:00:35 =    2.6/s Avg:   368 Min:     0 Max:  7537 Err:     0 (0.00%)
