2021-08-31 19:37:31,562 INFO o.a.j.u.JMeterUtils: Setting Locale to en_EN
2021-08-31 19:37:31,579 INFO o.a.j.JMeter: Loading user properties from: /Library/Jmeter/apache-jmeter-5.3/bin/user.properties
2021-08-31 19:37:31,579 INFO o.a.j.JMeter: Loading system properties from: /Library/Jmeter/apache-jmeter-5.3/bin/system.properties
2021-08-31 19:37:31,580 INFO o.a.j.JMeter: Copyright (c) 1998-2020 The Apache Software Foundation
2021-08-31 19:37:31,581 INFO o.a.j.JMeter: Version 5.3
2021-08-31 19:37:31,581 INFO o.a.j.JMeter: java.version=1.8.0_191
2021-08-31 19:37:31,581 INFO o.a.j.JMeter: java.vm.name=Java HotSpot(TM) 64-Bit Server VM
2021-08-31 19:37:31,581 INFO o.a.j.JMeter: os.name=Mac OS X
2021-08-31 19:37:31,581 INFO o.a.j.JMeter: os.arch=x86_64
2021-08-31 19:37:31,581 INFO o.a.j.JMeter: os.version=10.15.6
2021-08-31 19:37:31,581 INFO o.a.j.JMeter: file.encoding=UTF-8
2021-08-31 19:37:31,581 INFO o.a.j.JMeter: java.awt.headless=true
2021-08-31 19:37:31,581 INFO o.a.j.JMeter: Max memory     =1073741824
2021-08-31 19:37:31,581 INFO o.a.j.JMeter: Available Processors =8
2021-08-31 19:37:31,585 INFO o.a.j.JMeter: Default Locale=English (EN)
2021-08-31 19:37:31,586 INFO o.a.j.JMeter: JMeter  Locale=English (EN)
2021-08-31 19:37:31,586 INFO o.a.j.JMeter: JMeterHome=/Library/Jmeter/apache-jmeter-5.3
2021-08-31 19:37:31,586 INFO o.a.j.JMeter: user.dir  =/Users/liuyunpeng/Documents/RISE/CODE/github_code/jmeter_code/jmeter_script/jmeter_code_script
2021-08-31 19:37:31,586 INFO o.a.j.JMeter: PWD       =/Users/liuyunpeng/Documents/RISE/CODE/github_code/jmeter_code/jmeter_script/jmeter_code_script
2021-08-31 19:37:31,589 INFO o.a.j.JMeter: IP: 127.0.0.1 Name: liuyunpengdeMacBook-Pro.local FullName: localhost
2021-08-31 19:37:31,593 INFO o.a.j.s.FileServer: Default base='/Users/liuyunpeng/Documents/RISE/CODE/github_code/jmeter_code/jmeter_script/jmeter_code_script'
2021-08-31 19:37:31,597 INFO o.a.j.s.FileServer: Set new base='/Users/liuyunpeng/Documents/RISE/CODE/github_code/jmeter_code/jmeter_script/jmeter_code_script'
2021-08-31 19:37:31,717 INFO o.a.j.s.SaveService: Testplan (JMX) version: 2.2. Testlog (JTL) version: 2.2
2021-08-31 19:37:31,732 INFO o.a.j.s.SaveService: Using SaveService properties file encoding UTF-8
2021-08-31 19:37:31,736 INFO o.a.j.s.SaveService: Using SaveService properties version 5.0
2021-08-31 19:37:31,741 INFO o.a.j.s.SaveService: Loading file: Test Plan.jmx
2021-08-31 19:37:31,784 INFO o.a.j.p.h.s.HTTPSamplerBase: Parser for text/html is org.apache.jmeter.protocol.http.parser.LagartoBasedHtmlParser
2021-08-31 19:37:31,784 INFO o.a.j.p.h.s.HTTPSamplerBase: Parser for application/xhtml+xml is org.apache.jmeter.protocol.http.parser.LagartoBasedHtmlParser
2021-08-31 19:37:31,784 INFO o.a.j.p.h.s.HTTPSamplerBase: Parser for application/xml is org.apache.jmeter.protocol.http.parser.LagartoBasedHtmlParser
2021-08-31 19:37:31,784 INFO o.a.j.p.h.s.HTTPSamplerBase: Parser for text/xml is org.apache.jmeter.protocol.http.parser.LagartoBasedHtmlParser
2021-08-31 19:37:31,784 INFO o.a.j.p.h.s.HTTPSamplerBase: Parser for text/vnd.wap.wml is org.apache.jmeter.protocol.http.parser.RegexpHTMLParser
2021-08-31 19:37:31,784 INFO o.a.j.p.h.s.HTTPSamplerBase: Parser for text/css is org.apache.jmeter.protocol.http.parser.CssParser
2021-08-31 19:37:31,832 INFO o.a.j.JMeter: Creating summariser <summary>
2021-08-31 19:37:31,838 INFO o.a.j.e.StandardJMeterEngine: Running the test!
2021-08-31 19:37:31,838 INFO o.a.j.s.SampleEvent: List of sample_variables: []
2021-08-31 19:37:31,838 INFO o.a.j.s.SampleEvent: List of sample_variables: []
2021-08-31 19:37:31,844 INFO o.a.j.e.u.CompoundVariable: Note: Function class names must contain the string: '.functions.'
2021-08-31 19:37:31,844 INFO o.a.j.e.u.CompoundVariable: Note: Function class names must not contain the string: '.gui.'
2021-08-31 19:37:32,093 INFO o.a.j.JMeter: Running test (1630409852093)
2021-08-31 19:37:32,120 INFO o.a.j.e.StandardJMeterEngine: Starting ThreadGroup: 1 : 线程组--【新建咨询量】【校长权限】
2021-08-31 19:37:32,120 INFO o.a.j.e.StandardJMeterEngine: Starting 1 threads for group 线程组--【新建咨询量】【校长权限】.
2021-08-31 19:37:32,120 INFO o.a.j.e.StandardJMeterEngine: Test will stop on error
2021-08-31 19:37:32,121 INFO o.a.j.t.ThreadGroup: Starting thread group... number=1 threads=1 ramp-up=1 delayedStart=false
2021-08-31 19:37:32,126 INFO o.a.j.t.ThreadGroup: Started thread group number 1
2021-08-31 19:37:32,126 INFO o.a.j.e.StandardJMeterEngine: All thread groups have been started
2021-08-31 19:37:32,129 INFO o.a.j.t.JMeterThread: Thread started: 线程组--【新建咨询量】【校长权限】 1-1
2021-08-31 19:37:32,145 INFO o.a.j.p.h.s.HTTPHCAbstractImpl: Local host = liuyunpengdeMacBook-Pro.local
2021-08-31 19:37:32,152 INFO o.a.j.p.h.s.HTTPHC4Impl: HTTP request retry count = 0
2021-08-31 19:37:32,153 INFO o.a.j.s.SampleResult: Note: Sample TimeStamps are START times
2021-08-31 19:37:32,154 INFO o.a.j.s.SampleResult: sampleresult.default.encoding is set to utf-8
2021-08-31 19:37:32,154 INFO o.a.j.s.SampleResult: sampleresult.useNanoTime=true
2021-08-31 19:37:32,154 INFO o.a.j.s.SampleResult: sampleresult.nanoThreadSleep=5000
2021-08-31 19:37:32,372 INFO o.a.j.r.Summariser: summary +      1 in 00:00:00 =    3.6/s Avg:   150 Min:   150 Max:   150 Err:     0 (0.00%) Active: 1 Started: 1 Finished: 0
2021-08-31 19:37:33,215 INFO o.a.j.t.JMeterThread: Thread is done: 线程组--【新建咨询量】【校长权限】 1-1
2021-08-31 19:37:33,215 INFO o.a.j.t.JMeterThread: Thread finished: 线程组--【新建咨询量】【校长权限】 1-1
2021-08-31 19:37:33,216 INFO o.a.j.e.StandardJMeterEngine: Notifying test listeners of end of test
2021-08-31 19:37:33,217 INFO o.a.j.r.Summariser: summary +     11 in 00:00:01 =   13.0/s Avg:    73 Min:     0 Max:   257 Err:     0 (0.00%) Active: 0 Started: 1 Finished: 1
2021-08-31 19:37:33,218 INFO o.a.j.r.Summariser: summary =     12 in 00:00:01 =   10.7/s Avg:    79 Min:     0 Max:   257 Err:     0 (0.00%)
